<?xml version="1.0" encoding="UTF-8"?>
<!-- Generated by org.testng.reporters.JUnitXMLReporter -->
<testsuite ignored="0" hostname="Himalaya-Laptop" failures="0" tests="1" name="Simple Extension Test" time="3.105" errors="0" timestamp="2025-04-26T17:28:19 IST">
  <testcase classname="com.vscodetest.e2e.SimpleExtensionTest" name="@BeforeMethod setUp" time="2.911">
    <failure type="java.lang.RuntimeException" message="Failed to initialize the driver">
      <![CDATA[java.lang.RuntimeException: Failed to initialize the driver
at com.vscodetest.base.BaseTest.setUp(BaseTest.java:85)
at com.vscodetest.e2e.SimpleExtensionTest.setUp(SimpleExtensionTest.java:15)
at java.base/java.util.ArrayList.forEach(ArrayList.java:1597)
Caused by: org.openqa.selenium.SessionNotCreatedException: Could not start a new session. Response code 400. Message: Bad capabilities. Specify either app or appTopLevelWindow to create a session 
Host info: host: 'HIMALAYA-LAPTOP', ip: '172.23.240.1'
Build info: version: '4.11.0', revision: '040bc5406b'
System info: os.name: 'Windows 10', os.arch: 'amd64', os.version: '10.0', java.version: '22.0.1'
Driver info: io.appium.java_client.windows.WindowsDriver
Command: [null, newSession {capabilities=[{appium:app=Microsoft.WindowsCalculator_8wekyb3d8bbwe!App, appium:automationName=Windows, platformName=windows}], desiredCapabilities=Capabilities {app: Microsoft.WindowsCalculator..., appium:automationName: Windows, platformName: windows}}]
Capabilities {app: Microsoft.WindowsCalculator..., appium:automationName: Windows, platformName: windows}
at org.openqa.selenium.remote.ProtocolHandshake.createSession(ProtocolHandshake.java:140)
at io.appium.java_client.remote.AppiumProtocolHandshake.createSession(AppiumProtocolHandshake.java:133)
at io.appium.java_client.remote.AppiumProtocolHandshake.createSession(AppiumProtocolHandshake.java:102)
at io.appium.java_client.remote.AppiumCommandExecutor.createSession(AppiumCommandExecutor.java:182)
at io.appium.java_client.remote.AppiumCommandExecutor.execute(AppiumCommandExecutor.java:250)
at org.openqa.selenium.remote.RemoteWebDriver.execute(RemoteWebDriver.java:518)
at io.appium.java_client.AppiumDriver.startSession(AppiumDriver.java:274)
at org.openqa.selenium.remote.RemoteWebDriver.<init>(RemoteWebDriver.java:159)
at io.appium.java_client.AppiumDriver.<init>(AppiumDriver.java:89)
at io.appium.java_client.AppiumDriver.<init>(AppiumDriver.java:101)
at io.appium.java_client.windows.WindowsDriver.<init>(WindowsDriver.java:50)
at com.vscodetest.base.BaseTest.setUp(BaseTest.java:51)
... 31 more
... Removed 31 stack frames]]>
    </failure>
  </testcase> <!-- @BeforeMethod setUp -->
  <testcase classname="com.vscodetest.base.BaseTest" name="@AfterMethod tearDown" time="-1.745668699129E9">
    <skipped/>
  </testcase> <!-- @AfterMethod tearDown -->
  <testcase classname="com.vscodetest.e2e.SimpleExtensionTest" name="testExtensionInstallation" time="0.0">
    <skipped/>
  </testcase> <!-- testExtensionInstallation -->
</testsuite> <!-- Simple Extension Test -->
