<!DOCTYPE html PUBLIC "-//W3C//DTD XHTML 1.1//EN" "https://www.w3.org/TR/xhtml11/DTD/xhtml11.dtd">
<html xmlns="https://www.w3.org/1999/xhtml">
<head>
<meta http-equiv="content-type" content="text/html; charset=UTF-8"/>
<title>TestNG Report</title>
<style type="text/css">table {margin-bottom:10px;border-collapse:collapse;empty-cells:show}th,td {border:1px solid #009;padding:.25em .5em}th {vertical-align:bottom}td {vertical-align:top}table a {font-weight:bold}.stripe td {background-color: #E6EBF9}.num {text-align:right}.passedodd td {background-color: #3F3}.passedeven td {background-color: #0A0}.skippedodd td {background-color: #DDD}.skippedeven td {background-color: #CCC}.failedodd td,.attn {background-color: #F33}.failedeven td,.stripe .attn {background-color: #D00}.stacktrace {white-space:pre;font-family:monospace}.totop {font-size:85%;text-align:center;border-bottom:2px solid #000}.invisible {display:none}</style>
</head>
<body>
<table>
<tr><th>Test</th><th># Passed</th><th># Skipped</th><th># Retried</th><th># Failed</th><th>Time (ms)</th><th>Included Groups</th><th>Excluded Groups</th></tr>
<tr><th colspan="8">VS Code Extension Test Suite</th></tr>
<tr><td><a href="#t0">Simple Extension Test</a></td><td class="num">0</td><td class="num attn">1</td><td class="num">0</td><td class="num">0</td><td class="num">3,105</td><td></td><td></td></tr>
</table>
<table id='summary'><thead><tr><th>Class</th><th>Method</th><th>Start</th><th>Time (ms)</th></tr></thead><tbody><tr><th colspan="4">VS Code Extension Test Suite</th></tr></tbody><tbody id="t0"><tr><th colspan="4">Simple Extension Test &#8212; failed (configuration methods)</th></tr><tr class="failedeven"><td rowspan="1">com.vscodetest.e2e.SimpleExtensionTest</td><td><a href="#m0">setUp</a></td><td rowspan="1">1745668696175</td><td rowspan="1">2911</td></tr><tr><th colspan="4">Simple Extension Test &#8212; skipped (configuration methods)</th></tr><tr class="skippedeven"><td rowspan="1">com.vscodetest.e2e.SimpleExtensionTest</td><td><a href="#m1">tearDown</a></td><td rowspan="1">1745668699129</td><td rowspan="1">-1745668699129</td></tr><tr><th colspan="4">Simple Extension Test &#8212; skipped</th></tr><tr class="skippedeven"><td rowspan="1">com.vscodetest.e2e.SimpleExtensionTest</td><td><a href="#m2">testExtensionInstallation</a></td><td rowspan="1">1745668699111</td><td rowspan="1">0</td></tr></tbody>
</table>
<h2>Simple Extension Test</h2><h3 id="m0">com.vscodetest.e2e.SimpleExtensionTest#setUp</h3><table class="result"><tr><th>Exception</th></tr><tr><td><div class="stacktrace">java.lang.RuntimeException: Failed to initialize the driver
	at com.vscodetest.base.BaseTest.setUp(BaseTest.java:85)
	at com.vscodetest.e2e.SimpleExtensionTest.setUp(SimpleExtensionTest.java:15)
	at java.base/java.util.ArrayList.forEach(ArrayList.java:1597)
Caused by: org.openqa.selenium.SessionNotCreatedException: Could not start a new session. Response code 400. Message: Bad capabilities. Specify either app or appTopLevelWindow to create a session 
Host info: host: &apos;HIMALAYA-LAPTOP&apos;, ip: &apos;172.23.240.1&apos;
Build info: version: &apos;4.11.0&apos;, revision: &apos;040bc5406b&apos;
System info: os.name: &apos;Windows 10&apos;, os.arch: &apos;amd64&apos;, os.version: &apos;10.0&apos;, java.version: &apos;22.0.1&apos;
Driver info: io.appium.java_client.windows.WindowsDriver
Command: [null, newSession {capabilities=[{appium:app=Microsoft.WindowsCalculator_8wekyb3d8bbwe!App, appium:automationName=Windows, platformName=windows}], desiredCapabilities=Capabilities {app: Microsoft.WindowsCalculator..., appium:automationName: Windows, platformName: windows}}]
Capabilities {app: Microsoft.WindowsCalculator..., appium:automationName: Windows, platformName: windows}
	at org.openqa.selenium.remote.ProtocolHandshake.createSession(ProtocolHandshake.java:140)
	at io.appium.java_client.remote.AppiumProtocolHandshake.createSession(AppiumProtocolHandshake.java:133)
	at io.appium.java_client.remote.AppiumProtocolHandshake.createSession(AppiumProtocolHandshake.java:102)
	at io.appium.java_client.remote.AppiumCommandExecutor.createSession(AppiumCommandExecutor.java:182)
	at io.appium.java_client.remote.AppiumCommandExecutor.execute(AppiumCommandExecutor.java:250)
	at org.openqa.selenium.remote.RemoteWebDriver.execute(RemoteWebDriver.java:518)
	at io.appium.java_client.AppiumDriver.startSession(AppiumDriver.java:274)
	at org.openqa.selenium.remote.RemoteWebDriver.&lt;init&gt;(RemoteWebDriver.java:159)
	at io.appium.java_client.AppiumDriver.&lt;init&gt;(AppiumDriver.java:89)
	at io.appium.java_client.AppiumDriver.&lt;init&gt;(AppiumDriver.java:101)
	at io.appium.java_client.windows.WindowsDriver.&lt;init&gt;(WindowsDriver.java:50)
	at com.vscodetest.base.BaseTest.setUp(BaseTest.java:51)
	... 31 more
... Removed 31 stack frames</div></td></tr></table><p class="totop"><a href="#summary">back to summary</a></p>
<h3 id="m1">com.vscodetest.e2e.SimpleExtensionTest#tearDown</h3><table class="result"><tr><th class="invisible"/></tr></table><p class="totop"><a href="#summary">back to summary</a></p>
<h3 id="m2">com.vscodetest.e2e.SimpleExtensionTest#testExtensionInstallation</h3><table class="result"><tr><th>Exception</th></tr><tr><td><div class="stacktrace">java.lang.RuntimeException: Failed to initialize the driver
	at com.vscodetest.base.BaseTest.setUp(BaseTest.java:85)
	at com.vscodetest.e2e.SimpleExtensionTest.setUp(SimpleExtensionTest.java:15)
	at java.base/java.util.ArrayList.forEach(ArrayList.java:1597)
Caused by: org.openqa.selenium.SessionNotCreatedException: Could not start a new session. Response code 400. Message: Bad capabilities. Specify either app or appTopLevelWindow to create a session 
Host info: host: &apos;HIMALAYA-LAPTOP&apos;, ip: &apos;172.23.240.1&apos;
Build info: version: &apos;4.11.0&apos;, revision: &apos;040bc5406b&apos;
System info: os.name: &apos;Windows 10&apos;, os.arch: &apos;amd64&apos;, os.version: &apos;10.0&apos;, java.version: &apos;22.0.1&apos;
Driver info: io.appium.java_client.windows.WindowsDriver
Command: [null, newSession {capabilities=[{appium:app=Microsoft.WindowsCalculator_8wekyb3d8bbwe!App, appium:automationName=Windows, platformName=windows}], desiredCapabilities=Capabilities {app: Microsoft.WindowsCalculator..., appium:automationName: Windows, platformName: windows}}]
Capabilities {app: Microsoft.WindowsCalculator..., appium:automationName: Windows, platformName: windows}
	at org.openqa.selenium.remote.ProtocolHandshake.createSession(ProtocolHandshake.java:140)
	at io.appium.java_client.remote.AppiumProtocolHandshake.createSession(AppiumProtocolHandshake.java:133)
	at io.appium.java_client.remote.AppiumProtocolHandshake.createSession(AppiumProtocolHandshake.java:102)
	at io.appium.java_client.remote.AppiumCommandExecutor.createSession(AppiumCommandExecutor.java:182)
	at io.appium.java_client.remote.AppiumCommandExecutor.execute(AppiumCommandExecutor.java:250)
	at org.openqa.selenium.remote.RemoteWebDriver.execute(RemoteWebDriver.java:518)
	at io.appium.java_client.AppiumDriver.startSession(AppiumDriver.java:274)
	at org.openqa.selenium.remote.RemoteWebDriver.&lt;init&gt;(RemoteWebDriver.java:159)
	at io.appium.java_client.AppiumDriver.&lt;init&gt;(AppiumDriver.java:89)
	at io.appium.java_client.AppiumDriver.&lt;init&gt;(AppiumDriver.java:101)
	at io.appium.java_client.windows.WindowsDriver.&lt;init&gt;(WindowsDriver.java:50)
	at com.vscodetest.base.BaseTest.setUp(BaseTest.java:51)
	... 31 more
... Removed 31 stack frames</div></td></tr></table><p class="totop"><a href="#summary">back to summary</a></p>
</body>
</html>
